<?xml version="1.0" encoding="UTF-8"?>
<!-- Generated by org.testng.reporters.JUnitXMLReporter -->
<testsuite hostname="TSC-49L" ignored="49" name="Surefire test" tests="1" failures="1" timestamp="24 Apr 2018 15:15:46 GMT" time="4.334" errors="0">
  <testcase name="searchResults" time="0.141" classname="com.selenium.template.tests.APScheduledProcessesTests">
    <failure type="java.lang.NullPointerException">
      <![CDATA[java.lang.NullPointerException
at com.selenium.template.tests.APScheduledProcessesTests.searchResults(APScheduledProcessesTests.java:40)
at java.util.concurrent.ThreadPoolExecutor.runWorker(ThreadPoolExecutor.java:1149)
at java.util.concurrent.ThreadPoolExecutor$Worker.run(ThreadPoolExecutor.java:624)
at java.lang.Thread.run(Thread.java:748)
... Removed 10 stack frames]]>
    </failure>
  </testcase> <!-- searchResults -->
  <testcase name="numberOfEntries" time="0.0" classname="com.selenium.template.tests.CustomerSpecialTest">
    <ignored/>
  </testcase> <!-- numberOfEntries -->
  <testcase name="specialCommission" time="0.0" classname="com.selenium.template.tests.LeftSideMenuCustomerTest">
    <ignored/>
  </testcase> <!-- specialCommission -->
  <testcase name="scheduledProcesses" time="0.0" classname="com.selenium.template.tests.LeftSideMenuAPTest">
    <ignored/>
  </testcase> <!-- scheduledProcesses -->
  <testcase name="nextPage" time="0.0" classname="com.selenium.template.tests.CustomerSpecialTest">
    <ignored/>
  </testcase> <!-- nextPage -->
  <testcase name="exchangeRate" time="0.0" classname="com.selenium.template.tests.LeftSideMenuCustomerTest">
    <ignored/>
  </testcase> <!-- exchangeRate -->
  <testcase name="@BeforeSuite instantiateDriverObject" time="0.0" classname="com.selenium.template.DriverBase">
    <ignored/>
  </testcase> <!-- @BeforeSuite instantiateDriverObject -->
  <testcase name="@BeforeSuite instantiateDriverObject" time="0.0" classname="com.selenium.template.DriverBase">
    <ignored/>
  </testcase> <!-- @BeforeSuite instantiateDriverObject -->
  <testcase name="@BeforeSuite instantiateDriverObject" time="0.0" classname="com.selenium.template.DriverBase">
    <ignored/>
  </testcase> <!-- @BeforeSuite instantiateDriverObject -->
  <testcase name="@BeforeSuite instantiateDriverObject" time="0.0" classname="com.selenium.template.DriverBase">
    <ignored/>
  </testcase> <!-- @BeforeSuite instantiateDriverObject -->
  <testcase name="@BeforeSuite instantiateDriverObject" time="0.0" classname="com.selenium.template.DriverBase">
    <ignored/>
  </testcase> <!-- @BeforeSuite instantiateDriverObject -->
  <testcase name="@BeforeSuite instantiateDriverObject" time="0.0" classname="com.selenium.template.DriverBase">
    <ignored/>
  </testcase> <!-- @BeforeSuite instantiateDriverObject -->
  <testcase name="@BeforeSuite instantiateDriverObject" time="0.0" classname="com.selenium.template.DriverBase">
    <ignored/>
  </testcase> <!-- @BeforeSuite instantiateDriverObject -->
  <testcase name="@BeforeSuite instantiateDriverObject" time="0.0" classname="com.selenium.template.DriverBase">
    <ignored/>
  </testcase> <!-- @BeforeSuite instantiateDriverObject -->
  <testcase name="@BeforeSuite instantiateDriverObject" time="0.0" classname="com.selenium.template.DriverBase">
    <ignored/>
  </testcase> <!-- @BeforeSuite instantiateDriverObject -->
  <testcase name="@BeforeSuite instantiateDriverObject" time="0.0" classname="com.selenium.template.DriverBase">
    <ignored/>
  </testcase> <!-- @BeforeSuite instantiateDriverObject -->
  <testcase name="changeStatus" time="0.0" classname="com.selenium.template.tests.APScheduledProcessesTests">
    <ignored/>
  </testcase> <!-- changeStatus -->
  <testcase name="vat" time="0.0" classname="com.selenium.template.tests.LeftSideMenuCustomerTest">
    <ignored/>
  </testcase> <!-- vat -->
  <testcase name="reportIsShown" time="0.0" classname="com.selenium.template.tests.OMYBalanceReportTest">
    <ignored/>
  </testcase> <!-- reportIsShown -->
  <testcase name="sortCheck" time="0.0" classname="com.selenium.template.tests.APScheduledProcessesTests">
    <ignored/>
  </testcase> <!-- sortCheck -->
  <testcase name="@AfterSuite closeDriverObjects" time="0.0" classname="com.selenium.template.DriverBase">
    <ignored/>
  </testcase> <!-- @AfterSuite closeDriverObjects -->
  <testcase name="@AfterSuite closeDriverObjects" time="0.0" classname="com.selenium.template.DriverBase">
    <ignored/>
  </testcase> <!-- @AfterSuite closeDriverObjects -->
  <testcase name="@AfterSuite closeDriverObjects" time="0.0" classname="com.selenium.template.DriverBase">
    <ignored/>
  </testcase> <!-- @AfterSuite closeDriverObjects -->
  <testcase name="@AfterSuite closeDriverObjects" time="0.0" classname="com.selenium.template.DriverBase">
    <ignored/>
  </testcase> <!-- @AfterSuite closeDriverObjects -->
  <testcase name="@AfterSuite closeDriverObjects" time="0.0" classname="com.selenium.template.DriverBase">
    <ignored/>
  </testcase> <!-- @AfterSuite closeDriverObjects -->
  <testcase name="@AfterSuite closeDriverObjects" time="0.0" classname="com.selenium.template.DriverBase">
    <ignored/>
  </testcase> <!-- @AfterSuite closeDriverObjects -->
  <testcase name="@AfterSuite closeDriverObjects" time="0.0" classname="com.selenium.template.DriverBase">
    <ignored/>
  </testcase> <!-- @AfterSuite closeDriverObjects -->
  <testcase name="@AfterSuite closeDriverObjects" time="0.0" classname="com.selenium.template.DriverBase">
    <ignored/>
  </testcase> <!-- @AfterSuite closeDriverObjects -->
  <testcase name="@AfterSuite closeDriverObjects" time="0.0" classname="com.selenium.template.DriverBase">
    <ignored/>
  </testcase> <!-- @AfterSuite closeDriverObjects -->
  <testcase name="@AfterSuite closeDriverObjects" time="0.0" classname="com.selenium.template.DriverBase">
    <ignored/>
  </testcase> <!-- @AfterSuite closeDriverObjects -->
  <testcase name="nettingTransactions" time="0.0" classname="com.selenium.template.tests.LeftsideMenuOMTest">
    <ignored/>
  </testcase> <!-- nettingTransactions -->
  <testcase name="CustomerSearchClear" time="0.0" classname="com.selenium.template.tests.CustomerSearchTest">
    <ignored/>
  </testcase> <!-- CustomerSearchClear -->
  <testcase name="addAnEntry" time="0.0" classname="com.selenium.template.tests.CustomerVATTest">
    <ignored/>
  </testcase> <!-- addAnEntry -->
  <testcase name="reportHistory" time="0.0" classname="com.selenium.template.tests.LeftSideMenuAPTest">
    <ignored/>
  </testcase> <!-- reportHistory -->
  <testcase name="nettingBalanceReport" time="0.0" classname="com.selenium.template.tests.LeftsideMenuOMTest">
    <ignored/>
  </testcase> <!-- nettingBalanceReport -->
  <testcase name="clickOnDetails1stRow" time="0.0" classname="com.selenium.template.tests.APScheduledProcessesTests">
    <ignored/>
  </testcase> <!-- clickOnDetails1stRow -->
  <testcase name="deleteEntry" time="0.0" classname="com.selenium.template.tests.CustomerVATTest">
    <ignored/>
  </testcase> <!-- deleteEntry -->
  <testcase name="documentMatching" time="0.0" classname="com.selenium.template.tests.LeftsideMenuOMTest">
    <ignored/>
  </testcase> <!-- documentMatching -->
  <testcase name="nettingParameters" time="0.0" classname="com.selenium.template.tests.LeftsideMenuOMTest">
    <ignored/>
  </testcase> <!-- nettingParameters -->
  <testcase name="LoginSuccessful" time="0.0" classname="com.selenium.template.tests.FELoginTest">
    <ignored/>
  </testcase> <!-- LoginSuccessful -->
  <testcase name="loginFail_01" time="0.0" classname="com.selenium.template.tests.FELoginFailTest">
    <ignored/>
  </testcase> <!-- loginFail_01 -->
  <testcase name="customerSearch" time="0.0" classname="com.selenium.template.tests.LeftSideMenuCustomerTest">
    <ignored/>
  </testcase> <!-- customerSearch -->
  <testcase name="GenerateReport" time="0.0" classname="com.selenium.template.tests.CustomerSearchTest">
    <ignored/>
  </testcase> <!-- GenerateReport -->
  <testcase name="reportTemplates" time="0.0" classname="com.selenium.template.tests.LeftSideMenuAPTest">
    <ignored/>
  </testcase> <!-- reportTemplates -->
  <testcase name="addEntry" time="0.0" classname="com.selenium.template.tests.CustomerSpecialTest">
    <ignored/>
  </testcase> <!-- addEntry -->
  <testcase name="addEntry" time="0.0" classname="com.selenium.template.tests.CustomerExchangeRateTests">
    <ignored/>
  </testcase> <!-- addEntry -->
  <testcase name="addPopUp" time="0.0" classname="com.selenium.template.tests.CustomerSpecialTest">
    <ignored/>
  </testcase> <!-- addPopUp -->
  <testcase name="setupCreditLimit" time="0.0" classname="com.selenium.template.tests.LeftSideMenuCustomerTest">
    <ignored/>
  </testcase> <!-- setupCreditLimit -->
  <testcase name="selectEntries" time="0.0" classname="com.selenium.template.tests.CustomerSearchTest">
    <ignored/>
  </testcase> <!-- selectEntries -->
  <testcase name="bulkCreditLimit" time="0.0" classname="com.selenium.template.tests.LeftSideMenuCustomerTest">
    <ignored/>
  </testcase> <!-- bulkCreditLimit -->
</testsuite> <!-- Surefire test -->
