<?xml version="1.0" encoding="UTF-8"?>
<testsuite xmlns:xsi="http://www.w3.org/2001/XMLSchema-instance" xsi:noNamespaceSchemaLocation="https://maven.apache.org/surefire/maven-surefire-plugin/xsd/surefire-test-report.xsd" name="TestSuite" time="14.389" tests="30" errors="0" skipped="0" failures="30">
  <properties>
[...]
</properties>
  <testcase name="changeStatus" classname="com.selenium.template.tests.APScheduledProcessesTests" time="3.851">
    <failure type="java.lang.NullPointerException">java.lang.NullPointerException
	at com.selenium.template.tests.APScheduledProcessesTests.changeStatus(APScheduledProcessesTests.java:94)
</failure>
    <system-out><![CDATA[2018-04-25 16:58:55 Log4Test [INFO] INFO: " "
2018-04-25 16:58:55 Log4Test [INFO] INFO: "Local Operating System: WINDOWS 10"
2018-04-25 16:58:55 Log4Test [INFO] INFO: "Local Architecture: amd64"
2018-04-25 16:58:55 Log4Test [INFO] INFO: "Selected Browser: chrome"
2018-04-25 16:58:55 Log4Test [INFO] INFO: "Connecting to Selenium Grid: true"
2018-04-25 16:58:55 Log4Test [INFO] INFO: " "
2018-04-25 16:58:55 Log4Test [INFO] INFO: "================= GOING TO USE REMOTE ================="
Written screenshot to C:\Users\azainea\Desktop\Epoca\Epoca Automation\EPOCA-Selenium\target/screenshots\1524664738841_changeStatus.png
]]></system-out>
    <system-err><![CDATA[Apr 25, 2018 4:58:58 PM org.openqa.selenium.remote.ProtocolHandshake createSession
INFO: Detected dialect: OSS
]]></system-err>
  </testcase>
  <testcase name="clickOnDetails1stRow" classname="com.selenium.template.tests.APScheduledProcessesTests" time="0.251">
    <failure type="java.lang.NullPointerException">java.lang.NullPointerException
	at com.selenium.template.tests.APScheduledProcessesTests.clickOnDetails1stRow(APScheduledProcessesTests.java:69)
</failure>
    <system-out><![CDATA[Written screenshot to C:\Users\azainea\Desktop\Epoca\Epoca Automation\EPOCA-Selenium\target/screenshots\1524664739450_clickOnDetails1stRow.png
]]></system-out>
  </testcase>
  <testcase name="searchResults" classname="com.selenium.template.tests.APScheduledProcessesTests" time="0.272">
    <failure type="java.lang.NullPointerException">java.lang.NullPointerException
	at com.selenium.template.tests.APScheduledProcessesTests.searchResults(APScheduledProcessesTests.java:40)
</failure>
    <system-out><![CDATA[Written screenshot to C:\Users\azainea\Desktop\Epoca\Epoca Automation\EPOCA-Selenium\target/screenshots\1524664739721_searchResults.png
]]></system-out>
  </testcase>
  <testcase name="sortCheck" classname="com.selenium.template.tests.APScheduledProcessesTests" time="0.252">
    <failure type="java.lang.NullPointerException">java.lang.NullPointerException
	at com.selenium.template.tests.APScheduledProcessesTests.sortCheck(APScheduledProcessesTests.java:134)
</failure>
    <system-out><![CDATA[Written screenshot to C:\Users\azainea\Desktop\Epoca\Epoca Automation\EPOCA-Selenium\target/screenshots\1524664740043_sortCheck.png
]]></system-out>
  </testcase>
  <testcase name="addEntry" classname="com.selenium.template.tests.CustomerExchangeRateTests" time="0.247">
    <failure type="java.lang.NullPointerException">java.lang.NullPointerException
	at com.selenium.template.tests.CustomerExchangeRateTests.addEntry(CustomerExchangeRateTests.java:43)
</failure>
    <system-out><![CDATA[Written screenshot to C:\Users\azainea\Desktop\Epoca\Epoca Automation\EPOCA-Selenium\target/screenshots\1524664740314_addEntry.png
]]></system-out>
  </testcase>
  <testcase name="CustomerSearchClear" classname="com.selenium.template.tests.CustomerSearchTest" time="0.259">
    <failure type="java.lang.NullPointerException">java.lang.NullPointerException
	at com.selenium.template.tests.CustomerSearchTest.CustomerSearchClear(CustomerSearchTest.java:35)
</failure>
    <system-out><![CDATA[Written screenshot to C:\Users\azainea\Desktop\Epoca\Epoca Automation\EPOCA-Selenium\target/screenshots\1524664740581_CustomerSearchClear.png
]]></system-out>
  </testcase>
  <testcase name="GenerateReport" classname="com.selenium.template.tests.CustomerSearchTest" time="0.248">
    <failure type="java.lang.NullPointerException">java.lang.NullPointerException
	at com.selenium.template.tests.CustomerSearchTest.GenerateReport(CustomerSearchTest.java:63)
</failure>
    <system-out><![CDATA[Written screenshot to C:\Users\azainea\Desktop\Epoca\Epoca Automation\EPOCA-Selenium\target/screenshots\1524664740860_GenerateReport.png
]]></system-out>
  </testcase>
  <testcase name="selectEntries" classname="com.selenium.template.tests.CustomerSearchTest" time="0.255">
    <failure type="java.lang.NullPointerException">java.lang.NullPointerException
	at com.selenium.template.tests.CustomerSearchTest.selectEntries(CustomerSearchTest.java:117)
</failure>
    <system-out><![CDATA[Written screenshot to C:\Users\azainea\Desktop\Epoca\Epoca Automation\EPOCA-Selenium\target/screenshots\1524664741126_selectEntries.png
]]></system-out>
  </testcase>
  <testcase name="addEntry" classname="com.selenium.template.tests.CustomerSpecialTest" time="0.251">
    <failure type="java.lang.NullPointerException">java.lang.NullPointerException
	at com.selenium.template.tests.CustomerSpecialTest.addEntry(CustomerSpecialTest.java:142)
</failure>
    <system-out><![CDATA[Written screenshot to C:\Users\azainea\Desktop\Epoca\Epoca Automation\EPOCA-Selenium\target/screenshots\1524664741399_addEntry.png
]]></system-out>
  </testcase>
  <testcase name="addPopUp" classname="com.selenium.template.tests.CustomerSpecialTest" time="0.252">
    <failure type="java.lang.NullPointerException">java.lang.NullPointerException
	at com.selenium.template.tests.CustomerSpecialTest.addPopUp(CustomerSpecialTest.java:46)
</failure>
    <system-out><![CDATA[Written screenshot to C:\Users\azainea\Desktop\Epoca\Epoca Automation\EPOCA-Selenium\target/screenshots\1524664741670_addPopUp.png
]]></system-out>
  </testcase>
  <testcase name="nextPage" classname="com.selenium.template.tests.CustomerSpecialTest" time="0.249">
    <failure type="java.lang.NullPointerException">java.lang.NullPointerException
	at com.selenium.template.tests.CustomerSpecialTest.nextPage(CustomerSpecialTest.java:108)
</failure>
    <system-out><![CDATA[Written screenshot to C:\Users\azainea\Desktop\Epoca\Epoca Automation\EPOCA-Selenium\target/screenshots\1524664741940_nextPage.png
]]></system-out>
  </testcase>
  <testcase name="numberOfEntries" classname="com.selenium.template.tests.CustomerSpecialTest" time="0.263">
    <failure type="java.lang.NullPointerException">java.lang.NullPointerException
	at com.selenium.template.tests.CustomerSpecialTest.numberOfEntries(CustomerSpecialTest.java:74)
</failure>
    <system-out><![CDATA[Written screenshot to C:\Users\azainea\Desktop\Epoca\Epoca Automation\EPOCA-Selenium\target/screenshots\1524664742219_numberOfEntries.png
]]></system-out>
  </testcase>
  <testcase name="addAnEntry" classname="com.selenium.template.tests.CustomerVATTest" time="0.249">
    <failure type="java.lang.NullPointerException">java.lang.NullPointerException
	at com.selenium.template.tests.CustomerVATTest.addAnEntry(CustomerVATTest.java:45)
</failure>
    <system-out><![CDATA[Written screenshot to C:\Users\azainea\Desktop\Epoca\Epoca Automation\EPOCA-Selenium\target/screenshots\1524664742490_addAnEntry.png
]]></system-out>
  </testcase>
  <testcase name="deleteEntry" classname="com.selenium.template.tests.CustomerVATTest" time="0.259">
    <failure type="java.lang.NullPointerException">java.lang.NullPointerException
	at com.selenium.template.tests.CustomerVATTest.deleteEntry(CustomerVATTest.java:82)
</failure>
    <system-out><![CDATA[Written screenshot to C:\Users\azainea\Desktop\Epoca\Epoca Automation\EPOCA-Selenium\target/screenshots\1524664742759_deleteEntry.png
]]></system-out>
  </testcase>
  <testcase name="loginFail_01" classname="com.selenium.template.tests.FELoginFailTest" time="0.248">
    <failure type="java.lang.NullPointerException">java.lang.NullPointerException
	at com.selenium.template.tests.FELoginFailTest.loginFail_01(FELoginFailTest.java:39)
</failure>
    <system-out><![CDATA[Written screenshot to C:\Users\azainea\Desktop\Epoca\Epoca Automation\EPOCA-Selenium\target/screenshots\1524664743042_loginFail_01.png
]]></system-out>
  </testcase>
  <testcase name="LoginSuccessful" classname="com.selenium.template.tests.FELoginTest" time="0.258">
    <failure type="java.lang.NullPointerException">java.lang.NullPointerException
	at com.selenium.template.tests.FELoginTest.LoginSuccessful(FELoginTest.java:38)
</failure>
    <system-out><![CDATA[Written screenshot to C:\Users\azainea\Desktop\Epoca\Epoca Automation\EPOCA-Selenium\target/screenshots\1524664743309_LoginSuccessful.png
]]></system-out>
  </testcase>
  <testcase name="reportHistory" classname="com.selenium.template.tests.LeftSideMenuAPTest" time="0.253">
    <failure type="java.lang.NullPointerException">java.lang.NullPointerException
	at com.selenium.template.tests.LeftSideMenuAPTest.reportHistory(LeftSideMenuAPTest.java:42)
</failure>
    <system-out><![CDATA[Written screenshot to C:\Users\azainea\Desktop\Epoca\Epoca Automation\EPOCA-Selenium\target/screenshots\1524664743585_reportHistory.png
]]></system-out>
  </testcase>
  <testcase name="reportTemplates" classname="com.selenium.template.tests.LeftSideMenuAPTest" time="0.246">
    <failure type="java.lang.NullPointerException">java.lang.NullPointerException
	at com.selenium.template.tests.LeftSideMenuAPTest.reportTemplates(LeftSideMenuAPTest.java:69)
</failure>
    <system-out><![CDATA[Written screenshot to C:\Users\azainea\Desktop\Epoca\Epoca Automation\EPOCA-Selenium\target/screenshots\1524664743856_reportTemplates.png
]]></system-out>
  </testcase>
  <testcase name="scheduledProcesses" classname="com.selenium.template.tests.LeftSideMenuAPTest" time="0.249">
    <failure type="java.lang.NullPointerException">java.lang.NullPointerException
	at com.selenium.template.tests.LeftSideMenuAPTest.scheduledProcesses(LeftSideMenuAPTest.java:96)
</failure>
    <system-out><![CDATA[Written screenshot to C:\Users\azainea\Desktop\Epoca\Epoca Automation\EPOCA-Selenium\target/screenshots\1524664744119_scheduledProcesses.png
]]></system-out>
  </testcase>
  <testcase name="bulkCreditLimit" classname="com.selenium.template.tests.LeftSideMenuCustomerTest" time="0.248">
    <failure type="java.lang.NullPointerException">java.lang.NullPointerException
	at com.selenium.template.tests.LeftSideMenuCustomerTest.bulkCreditLimit(LeftSideMenuCustomerTest.java:150)
</failure>
    <system-out><![CDATA[Written screenshot to C:\Users\azainea\Desktop\Epoca\Epoca Automation\EPOCA-Selenium\target/screenshots\1524664744388_bulkCreditLimit.png
]]></system-out>
  </testcase>
  <testcase name="customerSearch" classname="com.selenium.template.tests.LeftSideMenuCustomerTest" time="0.256">
    <failure type="java.lang.NullPointerException">java.lang.NullPointerException
	at com.selenium.template.tests.LeftSideMenuCustomerTest.customerSearch(LeftSideMenuCustomerTest.java:42)
</failure>
    <system-out><![CDATA[Written screenshot to C:\Users\azainea\Desktop\Epoca\Epoca Automation\EPOCA-Selenium\target/screenshots\1524664744653_customerSearch.png
]]></system-out>
  </testcase>
  <testcase name="exchangeRate" classname="com.selenium.template.tests.LeftSideMenuCustomerTest" time="0.25">
    <failure type="java.lang.NullPointerException">java.lang.NullPointerException
	at com.selenium.template.tests.LeftSideMenuCustomerTest.exchangeRate(LeftSideMenuCustomerTest.java:123)
</failure>
    <system-out><![CDATA[Written screenshot to C:\Users\azainea\Desktop\Epoca\Epoca Automation\EPOCA-Selenium\target/screenshots\1524664744929_exchangeRate.png
]]></system-out>
  </testcase>
  <testcase name="setupCreditLimit" classname="com.selenium.template.tests.LeftSideMenuCustomerTest" time="0.253">
    <failure type="java.lang.NullPointerException">java.lang.NullPointerException
	at com.selenium.template.tests.LeftSideMenuCustomerTest.setupCreditLimit(LeftSideMenuCustomerTest.java:176)
</failure>
    <system-out><![CDATA[Written screenshot to C:\Users\azainea\Desktop\Epoca\Epoca Automation\EPOCA-Selenium\target/screenshots\1524664745194_setupCreditLimit.png
]]></system-out>
  </testcase>
  <testcase name="specialCommission" classname="com.selenium.template.tests.LeftSideMenuCustomerTest" time="0.252">
    <failure type="java.lang.NullPointerException">java.lang.NullPointerException
	at com.selenium.template.tests.LeftSideMenuCustomerTest.specialCommission(LeftSideMenuCustomerTest.java:69)
</failure>
    <system-out><![CDATA[Written screenshot to C:\Users\azainea\Desktop\Epoca\Epoca Automation\EPOCA-Selenium\target/screenshots\1524664745467_specialCommission.png
]]></system-out>
  </testcase>
  <testcase name="vat" classname="com.selenium.template.tests.LeftSideMenuCustomerTest" time="0.254">
    <failure type="java.lang.NullPointerException">java.lang.NullPointerException
	at com.selenium.template.tests.LeftSideMenuCustomerTest.vat(LeftSideMenuCustomerTest.java:96)
</failure>
    <system-out><![CDATA[Written screenshot to C:\Users\azainea\Desktop\Epoca\Epoca Automation\EPOCA-Selenium\target/screenshots\1524664745737_vat.png
]]></system-out>
  </testcase>
  <testcase name="documentMatching" classname="com.selenium.template.tests.LeftsideMenuOMTest" time="0.248">
    <failure type="java.lang.NullPointerException">java.lang.NullPointerException
	at com.selenium.template.tests.LeftsideMenuOMTest.documentMatching(LeftsideMenuOMTest.java:98)
</failure>
    <system-out><![CDATA[Written screenshot to C:\Users\azainea\Desktop\Epoca\Epoca Automation\EPOCA-Selenium\target/screenshots\1524664746011_documentMatching.png
]]></system-out>
  </testcase>
  <testcase name="nettingBalanceReport" classname="com.selenium.template.tests.LeftsideMenuOMTest" time="0.253">
    <failure type="java.lang.NullPointerException">java.lang.NullPointerException
	at com.selenium.template.tests.LeftsideMenuOMTest.nettingBalanceReport(LeftsideMenuOMTest.java:125)
</failure>
    <system-out><![CDATA[Written screenshot to C:\Users\azainea\Desktop\Epoca\Epoca Automation\EPOCA-Selenium\target/screenshots\1524664746279_nettingBalanceReport.png
]]></system-out>
  </testcase>
  <testcase name="nettingParameters" classname="com.selenium.template.tests.LeftsideMenuOMTest" time="0.251">
    <failure type="java.lang.NullPointerException">java.lang.NullPointerException
	at com.selenium.template.tests.LeftsideMenuOMTest.nettingParameters(LeftsideMenuOMTest.java:70)
</failure>
    <system-out><![CDATA[Written screenshot to C:\Users\azainea\Desktop\Epoca\Epoca Automation\EPOCA-Selenium\target/screenshots\1524664746550_nettingParameters.png
]]></system-out>
  </testcase>
  <testcase name="nettingTransactions" classname="com.selenium.template.tests.LeftsideMenuOMTest" time="0.265">
    <failure type="java.lang.NullPointerException">java.lang.NullPointerException
	at com.selenium.template.tests.LeftsideMenuOMTest.nettingTransactions(LeftsideMenuOMTest.java:41)
</failure>
    <system-out><![CDATA[Written screenshot to C:\Users\azainea\Desktop\Epoca\Epoca Automation\EPOCA-Selenium\target/screenshots\1524664746818_nettingTransactions.png
]]></system-out>
  </testcase>
  <testcase name="reportIsShown" classname="com.selenium.template.tests.OMYBalanceReportTest" time="0.249">
    <failure type="java.lang.NullPointerException">java.lang.NullPointerException
	at com.selenium.template.tests.OMYBalanceReportTest.reportIsShown(OMYBalanceReportTest.java:43)
</failure>
    <system-out><![CDATA[Written screenshot to C:\Users\azainea\Desktop\Epoca\Epoca Automation\EPOCA-Selenium\target/screenshots\1524664747105_reportIsShown.png
]]></system-out>
  </testcase>
</testsuite>