<?xml version="1.0" encoding="UTF-8"?>
<testng-results skipped="0" failed="1" ignored="49" total="50" passed="0">
  <reporter-output>
    <line>
      <![CDATA[INFO: " "]]>
    </line>
    <line>
      <![CDATA[INFO: "Local Operating System: WINDOWS 10"]]>
    </line>
    <line>
      <![CDATA[INFO: "Local Architecture: amd64"]]>
    </line>
    <line>
      <![CDATA[INFO: "Selected Browser: chrome"]]>
    </line>
    <line>
      <![CDATA[INFO: "Connecting to Selenium Grid: false"]]>
    </line>
    <line>
      <![CDATA[INFO: " "]]>
    </line>
    <line>
      <![CDATA[INFO: "================= GOING TO USE LOCAL ================="]]>
    </line>
  </reporter-output>
  <suite name="Surefire suite" duration-ms="4334" started-at="2018-04-24T15:15:42Z" finished-at="2018-04-24T15:15:46Z">
    <groups>
      <group name="Test">
        <method signature="APScheduledProcessesTests.searchResults()[pri:0, instance:com.selenium.template.tests.APScheduledProcessesTests@2f0e7fa8]" name="searchResults" class="com.selenium.template.tests.APScheduledProcessesTests"/>
      </group> <!-- Test -->
    </groups>
    <test name="Surefire test" duration-ms="4334" started-at="2018-04-24T15:15:42Z" finished-at="2018-04-24T15:15:46Z">
      <class name="com.selenium.template.tests.APScheduledProcessesTests">
        <test-method status="PASS" signature="instantiateDriverObject()[pri:0, instance:com.selenium.template.tests.APScheduledProcessesTests@2f0e7fa8]" name="instantiateDriverObject" is-config="true" duration-ms="30" started-at="2018-04-24T15:15:42Z" finished-at="2018-04-24T15:15:42Z">
          <reporter-output>
          </reporter-output>
        </test-method> <!-- instantiateDriverObject -->
        <test-method status="FAIL" signature="searchResults()[pri:0, instance:com.selenium.template.tests.APScheduledProcessesTests@2f0e7fa8]" name="searchResults" duration-ms="141" started-at="2018-04-24T15:15:42Z" finished-at="2018-04-24T15:15:42Z">
          <exception class="java.lang.NullPointerException">
            <full-stacktrace>
              <![CDATA[java.lang.NullPointerException
at com.selenium.template.tests.APScheduledProcessesTests.searchResults(APScheduledProcessesTests.java:40)
at sun.reflect.NativeMethodAccessorImpl.invoke0(Native Method)
at sun.reflect.NativeMethodAccessorImpl.invoke(NativeMethodAccessorImpl.java:62)
at sun.reflect.DelegatingMethodAccessorImpl.invoke(DelegatingMethodAccessorImpl.java:43)
at java.lang.reflect.Method.invoke(Method.java:498)
at org.testng.internal.MethodInvocationHelper.invokeMethod(MethodInvocationHelper.java:124)
at org.testng.internal.Invoker.invokeMethod(Invoker.java:580)
at org.testng.internal.Invoker.invokeTestMethod(Invoker.java:716)
at org.testng.internal.Invoker.invokeTestMethods(Invoker.java:988)
at org.testng.internal.TestMethodWorker.invokeTestMethods(TestMethodWorker.java:125)
at org.testng.internal.TestMethodWorker.run(TestMethodWorker.java:109)
at java.util.concurrent.ThreadPoolExecutor.runWorker(ThreadPoolExecutor.java:1149)
at java.util.concurrent.ThreadPoolExecutor$Worker.run(ThreadPoolExecutor.java:624)
at java.lang.Thread.run(Thread.java:748)
]]>
            </full-stacktrace>
          </exception> <!-- java.lang.NullPointerException -->
          <reporter-output>
            <line>
              <![CDATA[INFO: " "]]>
            </line>
            <line>
              <![CDATA[INFO: "Local Operating System: WINDOWS 10"]]>
            </line>
            <line>
              <![CDATA[INFO: "Local Architecture: amd64"]]>
            </line>
            <line>
              <![CDATA[INFO: "Selected Browser: chrome"]]>
            </line>
            <line>
              <![CDATA[INFO: "Connecting to Selenium Grid: false"]]>
            </line>
            <line>
              <![CDATA[INFO: " "]]>
            </line>
            <line>
              <![CDATA[INFO: "================= GOING TO USE LOCAL ================="]]>
            </line>
          </reporter-output>
        </test-method> <!-- searchResults -->
        <test-method status="PASS" signature="clearCookies()[pri:0, instance:com.selenium.template.tests.APScheduledProcessesTests@2f0e7fa8]" name="clearCookies" is-config="true" duration-ms="69" started-at="2018-04-24T15:15:46Z" finished-at="2018-04-24T15:15:46Z">
          <reporter-output>
          </reporter-output>
        </test-method> <!-- clearCookies -->
        <test-method status="PASS" signature="closeDriverObjects()[pri:0, instance:com.selenium.template.tests.APScheduledProcessesTests@2f0e7fa8]" name="closeDriverObjects" is-config="true" duration-ms="668" started-at="2018-04-24T15:15:47Z" finished-at="2018-04-24T15:15:47Z">
          <reporter-output>
          </reporter-output>
        </test-method> <!-- closeDriverObjects -->
      </class> <!-- com.selenium.template.tests.APScheduledProcessesTests -->
    </test> <!-- Surefire test -->
  </suite> <!-- Surefire suite -->
</testng-results>
